<?xml version="1.0" encoding="UTF-8"?>
<testsuite xmlns:xsi="http://www.w3.org/2001/XMLSchema-instance" xsi:noNamespaceSchemaLocation="https://maven.apache.org/surefire/maven-surefire-plugin/xsd/surefire-test-report-3.0.xsd" version="3.0" name="Calculadora.CalculadoraTest" time="0.078" tests="8" errors="0" skipped="1" failures="1">
  <properties>
[...]
</properties>
  <testcase name="testSumar" classname="Calculadora.CalculadoraTest" time="0.006">
    <system-out><![CDATA[Acumulador limpio
]]></system-out>
  </testcase>
  <testcase name="testMultiplicar" classname="Calculadora.CalculadoraTest" time="0.001">
    <system-out><![CDATA[Acumulador limpio
]]></system-out>
  </testcase>
  <testcase name="testMensajeAcumuladorLimpio" classname="Calculadora.CalculadoraTest" time="0.002">
    <failure message="expected:&lt;Acumulador [L]impio&gt; but was:&lt;Acumulador [l]impio&gt;" type="org.junit.ComparisonFailure"><![CDATA[org.junit.ComparisonFailure: expected:<Acumulador [L]impio> but was:<Acumulador [l]impio>
	at org.junit.Assert.assertEquals(Assert.java:115)
	at org.junit.Assert.assertEquals(Assert.java:144)
	at Calculadora.CalculadoraTest.testMensajeAcumuladorLimpio(CalculadoraTest.java:54)
	at sun.reflect.NativeMethodAccessorImpl.invoke0(Native Method)
	at sun.reflect.NativeMethodAccessorImpl.invoke(NativeMethodAccessorImpl.java:62)
	at sun.reflect.DelegatingMethodAccessorImpl.invoke(DelegatingMethodAccessorImpl.java:43)
	at java.lang.reflect.Method.invoke(Method.java:498)
	at org.junit.runners.model.FrameworkMethod$1.runReflectiveCall(FrameworkMethod.java:50)
	at org.junit.internal.runners.model.ReflectiveCallable.run(ReflectiveCallable.java:12)
	at org.junit.runners.model.FrameworkMethod.invokeExplosively(FrameworkMethod.java:47)
	at org.junit.internal.runners.statements.InvokeMethod.evaluate(InvokeMethod.java:17)
	at org.junit.internal.runners.statements.RunBefores.evaluate(RunBefores.java:26)
	at org.junit.internal.runners.statements.RunAfters.evaluate(RunAfters.java:27)
	at org.junit.runners.ParentRunner.runLeaf(ParentRunner.java:325)
	at org.junit.runners.BlockJUnit4ClassRunner.runChild(BlockJUnit4ClassRunner.java:78)
	at org.junit.runners.BlockJUnit4ClassRunner.runChild(BlockJUnit4ClassRunner.java:57)
	at org.junit.runners.ParentRunner$3.run(ParentRunner.java:290)
	at org.junit.runners.ParentRunner$1.schedule(ParentRunner.java:71)
	at org.junit.runners.ParentRunner.runChildren(ParentRunner.java:288)
	at org.junit.runners.ParentRunner.access$000(ParentRunner.java:58)
	at org.junit.runners.ParentRunner$2.evaluate(ParentRunner.java:268)
	at org.junit.internal.runners.statements.RunBefores.evaluate(RunBefores.java:26)
	at org.junit.internal.runners.statements.RunAfters.evaluate(RunAfters.java:27)
	at org.junit.runners.ParentRunner.run(ParentRunner.java:363)
	at org.apache.maven.surefire.junit4.JUnit4Provider.execute(JUnit4Provider.java:316)
	at org.apache.maven.surefire.junit4.JUnit4Provider.executeWithRerun(JUnit4Provider.java:240)
	at org.apache.maven.surefire.junit4.JUnit4Provider.executeTestSet(JUnit4Provider.java:214)
	at org.apache.maven.surefire.junit4.JUnit4Provider.invoke(JUnit4Provider.java:155)
	at org.apache.maven.surefire.booter.ForkedBooter.runSuitesInProcess(ForkedBooter.java:385)
	at org.apache.maven.surefire.booter.ForkedBooter.execute(ForkedBooter.java:162)
	at org.apache.maven.surefire.booter.ForkedBooter.run(ForkedBooter.java:507)
	at org.apache.maven.surefire.booter.ForkedBooter.main(ForkedBooter.java:495)
]]></failure>
    <system-out><![CDATA[Acumulador limpio
]]></system-out>
  </testcase>
  <testcase name="testDividirPorCero" classname="Calculadora.CalculadoraTest" time="0">
    <skipped/>
  </testcase>
  <testcase name="testConsultarAcumulador" classname="Calculadora.CalculadoraTest" time="0">
    <system-out><![CDATA[Acumulador limpio
]]></system-out>
  </testcase>
  <testcase name="testSumaDosYCero" classname="Calculadora.CalculadoraTest" time="0">
    <system-out><![CDATA[Acumulador limpio
]]></system-out>
  </testcase>
  <testcase name="testDividir" classname="Calculadora.CalculadoraTest" time="0.004">
    <system-out><![CDATA[Acumulador limpio
]]></system-out>
  </testcase>
  <testcase name="testRestar" classname="Calculadora.CalculadoraTest" time="0.001">
    <system-out><![CDATA[Acumulador limpio
]]></system-out>
  </testcase>
</testsuite>