<?xml version="1.0" encoding="UTF-8"?>
<testsuite xmlns:xsi="http://www.w3.org/2001/XMLSchema-instance" xsi:noNamespaceSchemaLocation="https://maven.apache.org/surefire/maven-surefire-plugin/xsd/surefire-test-report-3.0.xsd" version="3.0" name="Tests.ApplianceTest" time="0.073" tests="3" errors="0" skipped="0" failures="0">
  <properties>
[...]
</properties>
  <testcase name="createApplianceTest" classname="Tests.ApplianceTest" time="0.008">
    <system-out><![CDATA[Enter your color: Enter your power consumption (A-F): Enter your appliance weight: Appliance: price: 1000.0, color: RED, powerConsumption: A, weight: 100
]]></system-out>
  </testcase>
  <testcase name="testCheckPowerConsumption" classname="Tests.ApplianceTest" time="0"/>
  <testcase name="testFinalPrice" classname="Tests.ApplianceTest" time="0"/>
</testsuite>